2025-08-25T01:00:44.742+09:00  INFO 6832 --- [MySpringBootLab] [restartedMain] c.r.m.MySpringBootLabApplication         : Starting MySpringBootLabApplication using Java 22.0.1 with PID 6832 (C:\shieldus\back_java\SpringBoot\MySpringBootLab\target\classes started by hia in C:\shieldus\back_java\SpringBoot\MySpringBootLab)
2025-08-25T01:00:44.902+09:00  INFO 6832 --- [MySpringBootLab] [restartedMain] c.r.m.MySpringBootLabApplication         : The following 1 profile is active: "prod"
2025-08-25T01:00:45.023+09:00  INFO 6832 --- [MySpringBootLab] [restartedMain] .e.DevToolsPropertyDefaultsPostProcessor : Devtools property defaults active! Set 'spring.devtools.add-properties' to 'false' to disable
2025-08-25T01:00:45.023+09:00  INFO 6832 --- [MySpringBootLab] [restartedMain] .e.DevToolsPropertyDefaultsPostProcessor : For additional web related logging consider setting the 'logging.level.web' property to 'DEBUG'
2025-08-25T01:00:47.211+09:00  INFO 6832 --- [MySpringBootLab] [restartedMain] .s.d.r.c.RepositoryConfigurationDelegate : Bootstrapping Spring Data JPA repositories in DEFAULT mode.
2025-08-25T01:00:47.312+09:00  INFO 6832 --- [MySpringBootLab] [restartedMain] .s.d.r.c.RepositoryConfigurationDelegate : Finished Spring Data repository scanning in 89 ms. Found 1 JPA repository interface.
2025-08-25T01:00:48.713+09:00  INFO 6832 --- [MySpringBootLab] [restartedMain] o.s.b.w.embedded.tomcat.TomcatWebServer  : Tomcat initialized with port 8080 (http)
2025-08-25T01:00:48.751+09:00  INFO 6832 --- [MySpringBootLab] [restartedMain] o.apache.catalina.core.StandardService   : Starting service [Tomcat]
2025-08-25T01:00:48.761+09:00  INFO 6832 --- [MySpringBootLab] [restartedMain] o.apache.catalina.core.StandardEngine    : Starting Servlet engine: [Apache Tomcat/10.1.43]
2025-08-25T01:00:48.884+09:00  INFO 6832 --- [MySpringBootLab] [restartedMain] o.a.c.c.C.[Tomcat].[localhost].[/]       : Initializing Spring embedded WebApplicationContext
2025-08-25T01:00:48.884+09:00  INFO 6832 --- [MySpringBootLab] [restartedMain] w.s.c.ServletWebServerApplicationContext : Root WebApplicationContext: initialization completed in 3857 ms
2025-08-25T01:00:49.657+09:00  INFO 6832 --- [MySpringBootLab] [restartedMain] com.zaxxer.hikari.HikariDataSource       : HikariPool-1 - Starting...
2025-08-25T01:00:50.028+09:00  INFO 6832 --- [MySpringBootLab] [restartedMain] com.zaxxer.hikari.pool.HikariPool        : HikariPool-1 - Added connection conn0: url=jdbc:h2:mem:6d4fea91-3747-4ca6-bd2e-068f8f4affcb user=SA
2025-08-25T01:00:50.037+09:00  INFO 6832 --- [MySpringBootLab] [restartedMain] com.zaxxer.hikari.HikariDataSource       : HikariPool-1 - Start completed.
2025-08-25T01:00:50.239+09:00  INFO 6832 --- [MySpringBootLab] [restartedMain] o.hibernate.jpa.internal.util.LogHelper  : HHH000204: Processing PersistenceUnitInfo [name: default]
2025-08-25T01:00:50.540+09:00  INFO 6832 --- [MySpringBootLab] [restartedMain] org.hibernate.Version                    : HHH000412: Hibernate ORM core version 6.6.22.Final
2025-08-25T01:00:50.592+09:00  INFO 6832 --- [MySpringBootLab] [restartedMain] o.h.c.internal.RegionFactoryInitiator    : HHH000026: Second-level cache disabled
2025-08-25T01:00:51.079+09:00  INFO 6832 --- [MySpringBootLab] [restartedMain] o.s.o.j.p.SpringPersistenceUnitInfo      : No LoadTimeWeaver setup: ignoring JPA class transformer
2025-08-25T01:00:51.178+09:00  INFO 6832 --- [MySpringBootLab] [restartedMain] org.hibernate.orm.connections.pooling    : HHH10001005: Database info:
	Database JDBC URL [Connecting through datasource 'HikariDataSource (HikariPool-1)']
	Database driver: undefined/unknown
	Database version: 2.3.232
	Autocommit mode: undefined/unknown
	Isolation level: undefined/unknown
	Minimum pool size: undefined/unknown
	Maximum pool size: undefined/unknown
2025-08-25T01:00:52.512+09:00  INFO 6832 --- [MySpringBootLab] [restartedMain] o.h.e.t.j.p.i.JtaPlatformInitiator       : HHH000489: No JTA platform available (set 'hibernate.transaction.jta.platform' to enable JTA platform integration)
2025-08-25T01:00:52.597+09:00  INFO 6832 --- [MySpringBootLab] [restartedMain] j.LocalContainerEntityManagerFactoryBean : Initialized JPA EntityManagerFactory for persistence unit 'default'
2025-08-25T01:00:53.217+09:00  WARN 6832 --- [MySpringBootLab] [restartedMain] JpaBaseConfiguration$JpaWebConfiguration : spring.jpa.open-in-view is enabled by default. Therefore, database queries may be performed during view rendering. Explicitly configure spring.jpa.open-in-view to disable this warning
2025-08-25T01:00:54.219+09:00  WARN 6832 --- [MySpringBootLab] [restartedMain] ion$DefaultTemplateResolverConfiguration : Cannot find template location: classpath:/templates/ (please add some templates, check your Thymeleaf configuration, or set spring.thymeleaf.check-template-location=false)
2025-08-25T01:00:54.710+09:00  INFO 6832 --- [MySpringBootLab] [restartedMain] o.s.b.a.h2.H2ConsoleAutoConfiguration    : H2 console available at '/h2-console'. Database available at 'jdbc:h2:mem:6d4fea91-3747-4ca6-bd2e-068f8f4affcb'
2025-08-25T01:00:54.838+09:00  INFO 6832 --- [MySpringBootLab] [restartedMain] o.s.b.d.a.OptionalLiveReloadServer       : LiveReload server is running on port 35729
2025-08-25T01:00:54.849+09:00  INFO 6832 --- [MySpringBootLab] [restartedMain] o.s.b.a.e.web.EndpointLinksResolver      : Exposing 1 endpoint beneath base path '/actuator'
2025-08-25T01:00:55.036+09:00  INFO 6832 --- [MySpringBootLab] [restartedMain] o.s.b.w.embedded.tomcat.TomcatWebServer  : Tomcat started on port 8080 (http) with context path '/'
2025-08-25T01:00:55.064+09:00  INFO 6832 --- [MySpringBootLab] [restartedMain] c.r.m.MySpringBootLabApplication         : Started MySpringBootLabApplication in 11.182 seconds (process running for 12.177)
2025-08-25T01:00:55.291+09:00  INFO 6832 --- [MySpringBootLab] [restartedMain] c.r.myspringbootlab.runner.MyPropRunner  : 현재 활성화된 MyEnvironment Bean = ApplicationServletEnvironment {activeProfiles=[prod], defaultProfiles=[default], propertySources=[MapPropertySource {name='server.ports'}, ConfigurationPropertySourcesPropertySource {name='configurationProperties'}, StubPropertySource {name='servletConfigInitParams'}, ServletContextPropertySource {name='servletContextInitParams'}, PropertiesPropertySource {name='systemProperties'}, OriginAwareSystemEnvironmentPropertySource {name='systemEnvironment'}, RandomValuePropertySource {name='random'}, OriginTrackedMapPropertySource {name='Config resource 'class path resource [application.properties]' via location 'optional:classpath:/''}, MapPropertySource {name='devtools'}, ApplicationInfoPropertySource {name='applicationInfo'},  {name='Management Server'}]}
2025-08-25T01:04:10.282+09:00  INFO 6832 --- [MySpringBootLab] [SpringApplicationShutdownHook] o.s.b.w.e.tomcat.GracefulShutdown        : Commencing graceful shutdown. Waiting for active requests to complete
2025-08-25T01:04:10.346+09:00  INFO 6832 --- [MySpringBootLab] [tomcat-shutdown] o.s.b.w.e.tomcat.GracefulShutdown        : Graceful shutdown complete
2025-08-25T01:04:10.360+09:00  INFO 6832 --- [MySpringBootLab] [SpringApplicationShutdownHook] j.LocalContainerEntityManagerFactoryBean : Closing JPA EntityManagerFactory for persistence unit 'default'
2025-08-25T01:04:10.378+09:00  WARN 6832 --- [MySpringBootLab] [SpringApplicationShutdownHook] o.s.b.f.support.DisposableBeanAdapter    : Invocation of destroy method failed on bean with name 'inMemoryDatabaseShutdownExecutor': org.h2.jdbc.JdbcSQLNonTransientConnectionException: Database is already closed (to disable automatic closing at VM shutdown, add ";DB_CLOSE_ON_EXIT=FALSE" to the db URL) [90121-232]
2025-08-25T01:04:10.381+09:00  INFO 6832 --- [MySpringBootLab] [SpringApplicationShutdownHook] com.zaxxer.hikari.HikariDataSource       : HikariPool-1 - Shutdown initiated...
2025-08-25T01:04:10.383+09:00  INFO 6832 --- [MySpringBootLab] [SpringApplicationShutdownHook] com.zaxxer.hikari.HikariDataSource       : HikariPool-1 - Shutdown completed.
